
=== single ===
  [seed=0] trm_mixer=-0.300  trm_mixer_nomix=-0.282  trm_mixer_unsharedro=-0.319  trm_mixer_nomix_unsharedro=-0.332  trm_mixer_nomix_distinctw=-0.322  trm_flat=-0.517  ff_matched=-0.788 (baseline=-0.971)
  [seed=1] trm_mixer=-0.434  trm_mixer_nomix=-0.396  trm_mixer_unsharedro=-0.394  trm_mixer_nomix_unsharedro=-0.383  trm_mixer_nomix_distinctw=-0.392  trm_flat=-0.451  ff_matched=-0.503 (baseline=-1.185)
  [seed=2] trm_mixer=-0.502  trm_mixer_nomix=-0.502  trm_mixer_unsharedro=-0.509  trm_mixer_nomix_unsharedro=-0.624  trm_mixer_nomix_distinctw=-0.775  trm_flat=-0.538  ff_matched=-0.506 (baseline=-1.062)
  [seed=3] trm_mixer=-0.572  trm_mixer_nomix=-0.488  trm_mixer_unsharedro=-0.565  trm_mixer_nomix_unsharedro=-0.547  trm_mixer_nomix_distinctw=-0.568  trm_flat=-0.487  ff_matched=-0.582 (baseline=-1.062)
  [seed=4] trm_mixer=-0.631  trm_mixer_nomix=-0.556  trm_mixer_unsharedro=-0.811  trm_mixer_nomix_unsharedro=-0.493  trm_mixer_nomix_distinctw=-0.537  trm_flat=-0.811  ff_matched=-0.803 (baseline=-1.095)
  [seed=5] trm_mixer=-0.539  trm_mixer_nomix=-0.522  trm_mixer_unsharedro=-0.533  trm_mixer_nomix_unsharedro=-0.562  trm_mixer_nomix_distinctw=-0.563  trm_flat=-0.659  ff_matched=-0.654 (baseline=-1.709)
  [seed=6] trm_mixer=-0.717  trm_mixer_nomix=-0.723  trm_mixer_unsharedro=-0.793  trm_mixer_nomix_unsharedro=-0.692  trm_mixer_nomix_distinctw=-0.743  trm_flat=-0.785  ff_matched=-0.863 (baseline=-2.141)
  [seed=7] trm_mixer=-0.459  trm_mixer_nomix=-0.583  trm_mixer_unsharedro=-0.442  trm_mixer_nomix_unsharedro=-1.149  trm_mixer_nomix_distinctw=-1.015  trm_flat=-0.686  ff_matched=-0.716 (baseline=-1.745)
  [seed=8] trm_mixer=-0.620  trm_mixer_nomix=-0.473  trm_mixer_unsharedro=-0.526  trm_mixer_nomix_unsharedro=-0.476  trm_mixer_nomix_distinctw=-0.527  trm_flat=-0.655  ff_matched=-0.686 (baseline=-1.431)
  [seed=9] trm_mixer=-0.368  trm_mixer_nomix=-0.333  trm_mixer_unsharedro=-0.347  trm_mixer_nomix_unsharedro=-0.343  trm_mixer_nomix_distinctw=-0.352  trm_flat=-0.501  ff_matched=-0.565 (baseline=-1.434)
  majority_baseline: acc -1.3835 ± 0.3822
         trm_mixer: acc -0.5143 ± 0.1279
   trm_mixer_nomix: acc -0.4858 ± 0.1270
  trm_mixer_unsharedro: acc -0.5240 ± 0.1680
  trm_mixer_nomix_unsharedro: acc -0.5602 ± 0.2381
  trm_mixer_nomix_distinctw: acc -0.5794 ± 0.2141
          trm_flat: acc -0.6090 ± 0.1277
        ff_matched: acc -0.6666 ± 0.1269
  Δ(trm_mixer_nomix − trm_mixer_nomix_unsharedro) = +0.0744 ± 0.1804  [MSE -0.0744 ± 0.1804]  [MAE -0.0389 ± 0.0602]  [R2 +0.0704 ± 0.1780]
  Δ(trm_mixer − trm_mixer_unsharedro) = +0.0096 ± 0.0734  [MSE -0.0096 ± 0.0734]  [MAE -0.0052 ± 0.0312]  [R2 +0.0152 ± 0.0966]
  Δ(trm_mixer − trm_mixer_nomix) = -0.0285 ± 0.0703  [MSE +0.0285 ± 0.0703]  [MAE +0.0250 ± 0.0494]  [R2 -0.0338 ± 0.0759]
  Δ(trm_mixer_unsharedro − trm_mixer_nomix_unsharedro) = +0.0363 ± 0.2613  [MSE -0.0363 ± 0.2613]  [MAE -0.0087 ± 0.1051]  [R2 +0.0213 ± 0.2804]
  Δ(trm_mixer_nomix − trm_mixer_nomix_distinctw) = +0.0936 ± 0.1442  [MSE -0.0936 ± 0.1442]  [MAE -0.0469 ± 0.0479]  [R2 +0.0912 ± 0.1424]
  Δ(trm_mixer_nomix − ff_matched) = +0.1808 ± 0.1352  [MSE -0.1808 ± 0.1352]  [MAE -0.1164 ± 0.0787]  [R2 +0.1919 ± 0.1584]
  Δ(trm_mixer_nomix_unsharedro − ff_matched) = +0.1063 ± 0.2445  [MSE -0.1063 ± 0.2445]  [MAE -0.0775 ± 0.1003]  [R2 +0.1214 ± 0.2641]
  Δ(trm_mixer − ff_matched) = +0.1522 ± 0.1429  [MSE -0.1522 ± 0.1429]  [MAE -0.0914 ± 0.0747]  [R2 +0.1580 ± 0.1559]
  Δ(trm_flat − ff_matched) = +0.0575 ± 0.0850  [MSE -0.0575 ± 0.0850]  [MAE -0.0304 ± 0.0366]  [R2 +0.0571 ± 0.0907]

Results : results/m32_etth1_h192_20260715T082338.json
Curve   : results/m32_etth1_h192_20260715T082338_curve.csv
Deltas  : results/m32_etth1_h192_20260715T082338_deltas.csv
Params  : results/m32_etth1_h192_20260715T082338_params.csv
  ✓ BUDGET PARITY: all matched arms within ±5% per cell.
