
=== single ===
  [seed=0] trm_mixer=0.998  trm_mixer_nomix=0.757  trm_mixer_unsharedro=0.996  trm_mixer_nomix_unsharedro=0.757  trm_mixer_nomix_distinctw=0.757  trm_flat=0.979  ff_matched=0.973 (baseline=0.518)
  [seed=1] trm_mixer=0.996  trm_mixer_nomix=0.748  trm_mixer_unsharedro=0.996  trm_mixer_nomix_unsharedro=0.748  trm_mixer_nomix_distinctw=0.748  trm_flat=0.986  ff_matched=0.976 (baseline=0.507)
  [seed=2] trm_mixer=0.998  trm_mixer_nomix=0.745  trm_mixer_unsharedro=0.998  trm_mixer_nomix_unsharedro=0.745  trm_mixer_nomix_distinctw=0.745  trm_flat=0.980  ff_matched=0.970 (baseline=0.502)
  [seed=3] trm_mixer=0.996  trm_mixer_nomix=0.743  trm_mixer_unsharedro=0.997  trm_mixer_nomix_unsharedro=0.743  trm_mixer_nomix_distinctw=0.745  trm_flat=0.973  ff_matched=0.954 (baseline=0.519)
  [seed=4] trm_mixer=0.999  trm_mixer_nomix=0.756  trm_mixer_unsharedro=0.997  trm_mixer_nomix_unsharedro=0.756  trm_mixer_nomix_distinctw=0.756  trm_flat=0.983  ff_matched=0.962 (baseline=0.515)
  [seed=5] trm_mixer=0.997  trm_mixer_nomix=0.741  trm_mixer_unsharedro=0.997  trm_mixer_nomix_unsharedro=0.745  trm_mixer_nomix_distinctw=0.745  trm_flat=0.988  ff_matched=0.977 (baseline=0.506)
  [seed=6] trm_mixer=0.997  trm_mixer_nomix=0.751  trm_mixer_unsharedro=0.997  trm_mixer_nomix_unsharedro=0.751  trm_mixer_nomix_distinctw=0.751  trm_flat=0.971  ff_matched=0.968 (baseline=0.505)
  [seed=7] trm_mixer=0.999  trm_mixer_nomix=0.741  trm_mixer_unsharedro=0.998  trm_mixer_nomix_unsharedro=0.741  trm_mixer_nomix_distinctw=0.741  trm_flat=0.985  ff_matched=0.971 (baseline=0.537)
  majority_baseline: acc 0.5136 ± 0.0114
   subset_baseline: EM  0.0056 ± 0.0021
         trm_mixer: acc 0.9974 ± 0.0013
   trm_mixer_nomix: acc 0.7479 ± 0.0065
  trm_mixer_unsharedro: acc 0.9970 ± 0.0008
  trm_mixer_nomix_unsharedro: acc 0.7484 ± 0.0060
  trm_mixer_nomix_distinctw: acc 0.7486 ± 0.0059
          trm_flat: acc 0.9807 ± 0.0062
        ff_matched: acc 0.9689 ± 0.0075
  Δ(trm_mixer − trm_mixer_nomix) = +0.2495 ± 0.0063  [EM +0.9477 ± 0.0212]  [coh +0.0099 ± 0.0102]
  Δ(trm_mixer_nomix − ff_matched) = -0.2211 ± 0.0103  [EM -0.5081 ± 0.0767]  [coh -0.0336 ± 0.0215]
  Δ(trm_mixer_nomix − trm_mixer_nomix_unsharedro) = -0.0005 ± 0.0015  [EM +0.0000 ± 0.0000]  [coh +0.0000 ± 0.0000]
  Δ(trm_mixer − trm_mixer_unsharedro) = +0.0003 ± 0.0010  [EM +0.0092 ± 0.0231]  [coh +0.0018 ± 0.0058]
  Δ(trm_mixer_unsharedro − trm_mixer_nomix_unsharedro) = +0.2486 ± 0.0064  [EM +0.9385 ± 0.0163]  [coh +0.0081 ± 0.0080]
  Δ(trm_mixer_nomix − trm_mixer_nomix_distinctw) = -0.0007 ± 0.0015  [EM +0.0000 ± 0.0000]  [coh +0.0000 ± 0.0000]
  Δ(trm_mixer_nomix_unsharedro − ff_matched) = -0.2205 ± 0.0095  [EM -0.5081 ± 0.0767]  [coh -0.0336 ± 0.0215]
  Δ(trm_mixer − ff_matched) = +0.0284 ± 0.0075  [EM +0.4396 ± 0.0797]  [coh -0.0237 ± 0.0213]
  Δ(trm_flat − ff_matched) = +0.0117 ± 0.0059  [EM +0.1618 ± 0.0769]  [coh +0.0053 ± 0.0124]

Results : results/m33_mixed_converge_w24_20260716T185109.json
Curve   : results/m33_mixed_converge_w24_20260716T185109_curve.csv
Deltas  : results/m33_mixed_converge_w24_20260716T185109_deltas.csv
Params  : results/m33_mixed_converge_w24_20260716T185109_params.csv
  ⚠ BUDGET PARITY: 1 matched-arm cell(s) exceeded ±5% vs 'trm_flat':
      [single] trm_mixer_nomix_distinctw: ratio 0.9052
    NOTE: a breach on the loop/ff_matched is a depth-attribution blocker; a breach on untied_matched is the expected high-T width-quantization finding (narrow blocks) — see LOG.md.
