
=== single ===
  [seed=0] trm_mixer=0.999  trm_mixer_nomix=0.706  trm_mixer_unsharedro=0.995  trm_mixer_nomix_unsharedro=0.706  trm_mixer_nomix_distinctw=0.706  trm_flat=0.959  ff_matched=0.954 (baseline=0.562)
  [seed=1] trm_mixer=0.998  trm_mixer_nomix=0.709  trm_mixer_unsharedro=0.996  trm_mixer_nomix_unsharedro=0.709  trm_mixer_nomix_distinctw=0.709  trm_flat=0.965  ff_matched=0.959 (baseline=0.562)
  [seed=2] trm_mixer=0.997  trm_mixer_nomix=0.705  trm_mixer_unsharedro=0.992  trm_mixer_nomix_unsharedro=0.705  trm_mixer_nomix_distinctw=0.705  trm_flat=0.958  ff_matched=0.949 (baseline=0.562)
  [seed=3] trm_mixer=0.997  trm_mixer_nomix=0.705  trm_mixer_unsharedro=0.997  trm_mixer_nomix_unsharedro=0.705  trm_mixer_nomix_distinctw=0.705  trm_flat=0.964  ff_matched=0.946 (baseline=0.561)
  [seed=4] trm_mixer=0.998  trm_mixer_nomix=0.709  trm_mixer_unsharedro=0.992  trm_mixer_nomix_unsharedro=0.709  trm_mixer_nomix_distinctw=0.709  trm_flat=0.964  ff_matched=0.938 (baseline=0.563)
  [seed=5] trm_mixer=0.999  trm_mixer_nomix=0.710  trm_mixer_unsharedro=0.993  trm_mixer_nomix_unsharedro=0.710  trm_mixer_nomix_distinctw=0.710  trm_flat=0.966  ff_matched=0.954 (baseline=0.562)
  [seed=6] trm_mixer=0.999  trm_mixer_nomix=0.708  trm_mixer_unsharedro=0.994  trm_mixer_nomix_unsharedro=0.708  trm_mixer_nomix_distinctw=0.708  trm_flat=0.953  ff_matched=0.947 (baseline=0.562)
  [seed=7] trm_mixer=0.998  trm_mixer_nomix=0.708  trm_mixer_unsharedro=0.994  trm_mixer_nomix_unsharedro=0.708  trm_mixer_nomix_distinctw=0.708  trm_flat=0.967  ff_matched=0.953 (baseline=0.562)
  majority_baseline: acc 0.5621 ± 0.0004
   subset_baseline: EM  0.0066 ± 0.0016
         trm_mixer: acc 0.9983 ± 0.0007
   trm_mixer_nomix: acc 0.7075 ± 0.0016
  trm_mixer_unsharedro: acc 0.9942 ± 0.0018
  trm_mixer_nomix_unsharedro: acc 0.7075 ± 0.0016
  trm_mixer_nomix_distinctw: acc 0.7075 ± 0.0016
          trm_flat: acc 0.9620 ± 0.0050
        ff_matched: acc 0.9501 ± 0.0065
  Δ(trm_mixer − trm_mixer_nomix) = +0.2908 ± 0.0013  [EM +0.9759 ± 0.0119]  [coh +0.0299 ± 0.0098]
  Δ(trm_mixer_nomix − ff_matched) = -0.2425 ± 0.0064  [EM -0.3000 ± 0.0421]  [coh -0.1021 ± 0.0091]
  Δ(trm_mixer_nomix − trm_mixer_nomix_unsharedro) = +0.0000 ± 0.0000  [EM +0.0000 ± 0.0000]  [coh +0.0000 ± 0.0000]
  Δ(trm_mixer − trm_mixer_unsharedro) = +0.0040 ± 0.0021  [EM +0.0716 ± 0.0364]  [coh -0.0422 ± 0.0257]
  Δ(trm_mixer_unsharedro − trm_mixer_nomix_unsharedro) = +0.2867 ± 0.0028  [EM +0.9042 ± 0.0311]  [coh +0.0721 ± 0.0211]
  Δ(trm_mixer_nomix − trm_mixer_nomix_distinctw) = +0.0000 ± 0.0000  [EM +0.0000 ± 0.0000]  [coh +0.0000 ± 0.0000]
  Δ(trm_mixer_nomix_unsharedro − ff_matched) = -0.2425 ± 0.0064  [EM -0.3000 ± 0.0421]  [coh -0.1021 ± 0.0091]
  Δ(trm_mixer − ff_matched) = +0.0482 ± 0.0063  [EM +0.6759 ± 0.0348]  [coh -0.0723 ± 0.0151]
  Δ(trm_flat − ff_matched) = +0.0120 ± 0.0072  [EM +0.1381 ± 0.0516]  [coh +0.0429 ± 0.0132]

Results : results/m33_converge_w32_20260716T112808.json
Curve   : results/m33_converge_w32_20260716T112808_curve.csv
Deltas  : results/m33_converge_w32_20260716T112808_deltas.csv
Params  : results/m33_converge_w32_20260716T112808_params.csv
  ✓ BUDGET PARITY: all matched arms within ±5% per cell.
