===== SWEEP START 2026-07-11 08:26:33 =====
===== SKIP  m30_etth1_h192 (already complete) 08:26:33 =====
===== SKIP  m30_etth1_h336 (already complete) 08:26:33 =====
===== SKIP  m30_etth1_h720 (already complete) 08:26:33 =====
===== SKIP  m30_weather_h192 (already complete) 08:26:33 =====
===== START m30_weather_h336 08:26:33 =====

=== single ===
  [seed=0] trm_mixer=-0.596  trm_flat=-0.627  ff_matched=-1.447  untied_mixer_matched=-0.640  untied_mixer=-0.631  trm_decoupled=-0.808 (baseline=-1.004)
  [seed=1] trm_mixer=-1.224  trm_flat=-1.196  ff_matched=-2.838  untied_mixer_matched=-1.486  untied_mixer=-1.421  trm_decoupled=-1.604 (baseline=-2.060)
  [seed=2] trm_mixer=-0.624  trm_flat=-0.529  ff_matched=-0.885  untied_mixer_matched=-0.684  untied_mixer=-0.656  trm_decoupled=-0.645 (baseline=-0.600)
  [seed=3] trm_mixer=-0.349  trm_flat=-0.409  ff_matched=-0.658  untied_mixer_matched=-0.338  untied_mixer=-0.346  trm_decoupled=-0.500 (baseline=-0.583)
  [seed=4] trm_mixer=-0.449  trm_flat=-0.434  ff_matched=-0.445  untied_mixer_matched=-0.444  untied_mixer=-0.407  trm_decoupled=-0.422 (baseline=-0.468)
  [seed=5] trm_mixer=-0.568  trm_flat=-0.589  ff_matched=-1.098  untied_mixer_matched=-0.529  untied_mixer=-0.721  trm_decoupled=-1.500 (baseline=-0.332)
  [seed=6] trm_mixer=-0.346  trm_flat=-0.618  ff_matched=-0.595  untied_mixer_matched=-0.439  untied_mixer=-0.419  trm_decoupled=-0.500 (baseline=-0.354)
  [seed=7] trm_mixer=-0.610  trm_flat=-0.758  ff_matched=-0.994  untied_mixer_matched=-0.780  untied_mixer=-0.614  trm_decoupled=-0.797 (baseline=-0.315)
  [seed=8] trm_mixer=-0.360  trm_flat=-0.277  ff_matched=-0.383  untied_mixer_matched=-0.265  untied_mixer=-0.422  trm_decoupled=-0.318 (baseline=-0.319)
  [seed=9] trm_mixer=-0.492  trm_flat=-0.461  ff_matched=-0.795  untied_mixer_matched=-0.481  untied_mixer=-0.526  trm_decoupled=-0.493 (baseline=-0.585)
  majority_baseline: acc -0.6621 ± 0.5341
         trm_mixer: acc -0.5619 ± 0.2574
          trm_flat: acc -0.5899 ± 0.2524
        ff_matched: acc -1.0139 ± 0.7158
  untied_mixer_matched: acc -0.6086 ± 0.3456
      untied_mixer: acc -0.6162 ± 0.3095
     trm_decoupled: acc -0.7585 ± 0.4464
  Δ(trm_mixer − ff_matched) = +0.4520 ± 0.4752  [MSE -0.4520 ± 0.4752]  [MAE -0.1890 ± 0.1478]  [R2 +0.6013 ± 0.3929]
  Δ(trm_mixer − trm_flat) = +0.0280 ± 0.1108  [MSE -0.0280 ± 0.1108]  [MAE -0.0375 ± 0.0554]  [R2 +0.0436 ± 0.2064]
  Δ(trm_mixer − untied_mixer_matched) = +0.0467 ± 0.1055  [MSE -0.0467 ± 0.1055]  [MAE -0.0109 ± 0.0615]  [R2 +0.0492 ± 0.1385]
  Δ(trm_mixer − untied_mixer) = +0.0543 ± 0.0722  [MSE -0.0543 ± 0.0722]  [MAE -0.0254 ± 0.0408]  [R2 +0.0731 ± 0.0993]
  Δ(untied_mixer_matched − ff_matched) = +0.4053 ± 0.4066  [MSE -0.4053 ± 0.4066]  [MAE -0.1782 ± 0.1146]  [R2 +0.5521 ± 0.3546]
  Δ(trm_flat − ff_matched) = +0.4240 ± 0.4942  [MSE -0.4240 ± 0.4942]  [MAE -0.1515 ± 0.1407]  [R2 +0.5578 ± 0.4249]
  Δ(trm_flat − trm_decoupled) = +0.1687 ± 0.2952  [MSE -0.1687 ± 0.2952]  [MAE -0.0895 ± 0.1212]  [R2 +0.2440 ± 0.4656]

Results : results/m30_weather_h336_20260712T153000.json
Curve   : results/m30_weather_h336_20260712T153000_curve.csv
Deltas  : results/m30_weather_h336_20260712T153000_deltas.csv
Params  : results/m30_weather_h336_20260712T153000_params.csv
  ✓ BUDGET PARITY: all matched arms within ±5% per cell.
===== DONE  m30_weather_h336 rc=0 15:30:00 =====
===== START m30_weather_h720 15:30:00 =====

=== single ===
  [seed=0] trm_mixer=-0.654  trm_flat=-0.874  ff_matched=-1.067  untied_mixer_matched=-0.824  untied_mixer=-0.845  trm_decoupled=-0.790 (baseline=-1.216)
  [seed=1] trm_mixer=-1.281  trm_flat=-1.395  ff_matched=-6.598  untied_mixer_matched=-1.394  untied_mixer=-1.348  trm_decoupled=-6.348 (baseline=-2.275)
  [seed=2] trm_mixer=-0.525  trm_flat=-0.499  ff_matched=-1.870  untied_mixer_matched=-0.642  untied_mixer=-0.606  trm_decoupled=-0.980 (baseline=-0.645)
  [seed=3] trm_mixer=-0.737  trm_flat=-0.678  ff_matched=-1.449  untied_mixer_matched=-0.683  untied_mixer=-0.730  trm_decoupled=-1.132 (baseline=-0.835)
  [seed=4] trm_mixer=-0.395  trm_flat=-0.401  ff_matched=-0.446  untied_mixer_matched=-0.459  untied_mixer=-0.424  trm_decoupled=-0.431 (baseline=-0.516)
  [seed=5] trm_mixer=-0.659  trm_flat=-0.810  ff_matched=-1.183  untied_mixer_matched=-0.718  untied_mixer=-0.722  trm_decoupled=-1.005 (baseline=-0.458)
  [seed=6] trm_mixer=-0.460  trm_flat=-0.639  ff_matched=-0.684  untied_mixer_matched=-0.432  untied_mixer=-0.469  trm_decoupled=-0.589 (baseline=-0.402)
  [seed=7] trm_mixer=-0.743  trm_flat=-0.826  ff_matched=-1.117  untied_mixer_matched=-0.620  untied_mixer=-0.537  trm_decoupled=-1.069 (baseline=-0.333)
  [seed=8] trm_mixer=-0.518  trm_flat=-0.588  ff_matched=-1.494  untied_mixer_matched=-0.580  untied_mixer=-0.494  trm_decoupled=-0.542 (baseline=-0.358)
  [seed=9] trm_mixer=-0.567  trm_flat=-0.525  ff_matched=-0.553  untied_mixer_matched=-0.507  untied_mixer=-0.535  trm_decoupled=-4437.464 (baseline=-0.539)
  majority_baseline: acc -0.7576 ± 0.5957
         trm_mixer: acc -0.6538 ± 0.2484
          trm_flat: acc -0.7235 ± 0.2815
        ff_matched: acc -1.6461 ± 1.7957
  untied_mixer_matched: acc -0.6860 ± 0.2762
      untied_mixer: acc -0.6709 ± 0.2726
     trm_decoupled: acc -445.0350 ± 1402.7976
  Δ(trm_mixer − ff_matched) = +0.9923 ± 1.5752  [MSE -0.9923 ± 1.5752]  [MAE -0.2672 ± 0.2505]  [R2 +1.2750 ± 1.3717]
  Δ(trm_mixer − trm_flat) = +0.0697 ± 0.0976  [MSE -0.0697 ± 0.0976]  [MAE -0.0346 ± 0.0466]  [R2 +0.0991 ± 0.1586]
  Δ(trm_mixer − untied_mixer_matched) = +0.0322 ± 0.0937  [MSE -0.0322 ± 0.0937]  [MAE +0.0021 ± 0.0427]  [R2 +0.0471 ± 0.1475]
  Δ(trm_mixer − untied_mixer) = +0.0171 ± 0.1022  [MSE -0.0171 ± 0.1022]  [MAE +0.0165 ± 0.0535]  [R2 +0.0222 ± 0.1456]
  Δ(untied_mixer_matched − ff_matched) = +0.9601 ± 1.5413  [MSE -0.9601 ± 1.5413]  [MAE -0.2693 ± 0.2364]  [R2 +1.2279 ± 1.3257]
  Δ(trm_flat − ff_matched) = +0.9226 ± 1.5676  [MSE -0.9226 ± 1.5676]  [MAE -0.2326 ± 0.2474]  [R2 +1.1759 ± 1.4085]
  Δ(trm_flat − trm_decoupled) = +444.3115 ± 1402.8671  [MSE -444.3115 ± 1402.8671]  [MAE -4.2757 ± 13.0664]  [R2 +819.0824 ± 2587.9575]

Results : results/m30_weather_h720_20260713T045824.json
Curve   : results/m30_weather_h720_20260713T045824_curve.csv
Deltas  : results/m30_weather_h720_20260713T045824_deltas.csv
Params  : results/m30_weather_h720_20260713T045824_params.csv
  ✓ BUDGET PARITY: all matched arms within ±5% per cell.
===== DONE  m30_weather_h720 rc=0 04:58:24 =====
===== ALL_DONE 2026-07-13 04:58:24 =====
